Started GET "/games/11" for ::1 at 2017-04-20 17:17:10 -0700
  [1m[36mActiveRecord::SchemaMigration Load (0.3ms)[0m  [1m[34mSELECT "schema_migrations".* FROM "schema_migrations"[0m
  
ActiveRecord::PendingMigrationError (

Migrations are pending. To resolve this issue, run:

        bin/rails db:migrate RAILS_ENV=development

):
  
activerecord (5.0.2) lib/active_record/migration.rb:573:in `check_pending!'
activerecord (5.0.2) lib/active_record/migration.rb:549:in `call'
actionpack (5.0.2) lib/action_dispatch/middleware/callbacks.rb:38:in `block in call'
activesupport (5.0.2) lib/active_support/callbacks.rb:97:in `__run_callbacks__'
activesupport (5.0.2) lib/active_support/callbacks.rb:750:in `_run_call_callbacks'
activesupport (5.0.2) lib/active_support/callbacks.rb:90:in `run_callbacks'
actionpack (5.0.2) lib/action_dispatch/middleware/callbacks.rb:36:in `call'
actionpack (5.0.2) lib/action_dispatch/middleware/executor.rb:12:in `call'
actionpack (5.0.2) lib/action_dispatch/middleware/remote_ip.rb:79:in `call'
actionpack (5.0.2) lib/action_dispatch/middleware/debug_exceptions.rb:49:in `call'
web-console (3.5.0) lib/web_console/middleware.rb:135:in `call_app'
web-console (3.5.0) lib/web_console/middleware.rb:28:in `block in call'
web-console (3.5.0) lib/web_console/middleware.rb:18:in `catch'
web-console (3.5.0) lib/web_console/middleware.rb:18:in `call'
actionpack (5.0.2) lib/action_dispatch/middleware/show_exceptions.rb:31:in `call'
railties (5.0.2) lib/rails/rack/logger.rb:36:in `call_app'
railties (5.0.2) lib/rails/rack/logger.rb:24:in `block in call'
activesupport (5.0.2) lib/active_support/tagged_logging.rb:69:in `block in tagged'
activesupport (5.0.2) lib/active_support/tagged_logging.rb:26:in `tagged'
activesupport (5.0.2) lib/active_support/tagged_logging.rb:69:in `tagged'
railties (5.0.2) lib/rails/rack/logger.rb:24:in `call'
sprockets-rails (3.2.0) lib/sprockets/rails/quiet_assets.rb:13:in `call'
actionpack (5.0.2) lib/action_dispatch/middleware/request_id.rb:24:in `call'
rack (2.0.1) lib/rack/method_override.rb:22:in `call'
rack (2.0.1) lib/rack/runtime.rb:22:in `call'
activesupport (5.0.2) lib/active_support/cache/strategy/local_cache_middleware.rb:28:in `call'
actionpack (5.0.2) lib/action_dispatch/middleware/executor.rb:12:in `call'
actionpack (5.0.2) lib/action_dispatch/middleware/static.rb:136:in `call'
rack (2.0.1) lib/rack/sendfile.rb:111:in `call'
railties (5.0.2) lib/rails/engine.rb:522:in `call'
puma (3.8.2) lib/puma/configuration.rb:224:in `call'
puma (3.8.2) lib/puma/server.rb:600:in `handle_request'
puma (3.8.2) lib/puma/server.rb:435:in `process_client'
puma (3.8.2) lib/puma/server.rb:299:in `block in run'
puma (3.8.2) lib/puma/thread_pool.rb:120:in `block in spawn_thread'
  Rendering /Users/Daniel/.rbenv/versions/2.3.1/lib/ruby/gems/2.3.0/gems/actionpack-5.0.2/lib/action_dispatch/middleware/templates/rescues/diagnostics.html.erb within rescues/layout
  Rendering /Users/Daniel/.rbenv/versions/2.3.1/lib/ruby/gems/2.3.0/gems/actionpack-5.0.2/lib/action_dispatch/middleware/templates/rescues/_source.html.erb
  Rendered /Users/Daniel/.rbenv/versions/2.3.1/lib/ruby/gems/2.3.0/gems/actionpack-5.0.2/lib/action_dispatch/middleware/templates/rescues/_source.html.erb (2.1ms)
  Rendering /Users/Daniel/.rbenv/versions/2.3.1/lib/ruby/gems/2.3.0/gems/actionpack-5.0.2/lib/action_dispatch/middleware/templates/rescues/_trace.html.erb
  Rendered /Users/Daniel/.rbenv/versions/2.3.1/lib/ruby/gems/2.3.0/gems/actionpack-5.0.2/lib/action_dispatch/middleware/templates/rescues/_trace.html.erb (1.8ms)
  Rendering /Users/Daniel/.rbenv/versions/2.3.1/lib/ruby/gems/2.3.0/gems/actionpack-5.0.2/lib/action_dispatch/middleware/templates/rescues/_request_and_response.html.erb
  Rendered /Users/Daniel/.rbenv/versions/2.3.1/lib/ruby/gems/2.3.0/gems/actionpack-5.0.2/lib/action_dispatch/middleware/templates/rescues/_request_and_response.html.erb (1.0ms)
  Rendered /Users/Daniel/.rbenv/versions/2.3.1/lib/ruby/gems/2.3.0/gems/actionpack-5.0.2/lib/action_dispatch/middleware/templates/rescues/diagnostics.html.erb within rescues/layout (91.4ms)
  [1m[35m (0.2ms)[0m  [1m[34mSELECT pg_try_advisory_lock(4742435677382185965);[0m
  [1m[36mActiveRecord::SchemaMigration Load (0.5ms)[0m  [1m[34mSELECT "schema_migrations".* FROM "schema_migrations"[0m
Migrating to CreateFriendships (20170420222810)
  [1m[35m (0.2ms)[0m  [1m[35mBEGIN[0m
  [1m[35m (27.9ms)[0m  [1m[35mCREATE TABLE "friendships" ("id" serial primary key, "user_id_id" integer, "friend_id_id" integer, "created_at" timestamp NOT NULL, "updated_at" timestamp NOT NULL)[0m
  [1m[35m (1.0ms)[0m  [1m[35mCREATE  INDEX  "index_friendships_on_user_id_id" ON "friendships"  ("user_id_id")[0m
  [1m[35m (1.0ms)[0m  [1m[35mCREATE  INDEX  "index_friendships_on_friend_id_id" ON "friendships"  ("friend_id_id")[0m
  [1m[35mSQL (0.4ms)[0m  [1m[32mINSERT INTO "schema_migrations" ("version") VALUES ($1) RETURNING "version"[0m  [["version", "20170420222810"]]
  [1m[35m (1.6ms)[0m  [1m[35mCOMMIT[0m
Migrating to CreateFriendsrequests (20170420223333)
  [1m[35m (5.8ms)[0m  [1m[35mBEGIN[0m
  [1m[35m (26.9ms)[0m  [1m[35mCREATE TABLE "friendsrequests" ("id" serial primary key, "user_id" integer, "friend_id" integer, "status" integer, "created_at" timestamp NOT NULL, "updated_at" timestamp NOT NULL, CONSTRAINT "fk_rails_e2e684c463"
FOREIGN KEY ("user_id")
  REFERENCES "users" ("id")
)[0m
  [1m[35m (0.8ms)[0m  [1m[35mCREATE  INDEX  "index_friendsrequests_on_user_id" ON "friendsrequests"  ("user_id")[0m
  [1m[35mSQL (0.4ms)[0m  [1m[32mINSERT INTO "schema_migrations" ("version") VALUES ($1) RETURNING "version"[0m  [["version", "20170420223333"]]
  [1m[35m (0.5ms)[0m  [1m[35mCOMMIT[0m
Migrating to CreateReviews (20170420233533)
  [1m[35m (5.6ms)[0m  [1m[35mBEGIN[0m
  [1m[35m (14.1ms)[0m  [1m[35mCREATE TABLE "reviews" ("id" serial primary key, "user_id" integer, "game_id" integer, "title" character varying, "body" text, "created_at" timestamp NOT NULL, "updated_at" timestamp NOT NULL)[0m
  [1m[35m (5.6ms)[0m  [1m[35mCREATE  INDEX  "index_reviews_on_user_id" ON "reviews"  ("user_id")[0m
  [1m[35m (1.2ms)[0m  [1m[35mCREATE  INDEX  "index_reviews_on_game_id" ON "reviews"  ("game_id")[0m
  [1m[35mSQL (0.2ms)[0m  [1m[32mINSERT INTO "schema_migrations" ("version") VALUES ($1) RETURNING "version"[0m  [["version", "20170420233533"]]
  [1m[35m (0.4ms)[0m  [1m[35mCOMMIT[0m
  [1m[36mActiveRecord::InternalMetadata Load (0.4ms)[0m  [1m[34mSELECT  "ar_internal_metadata".* FROM "ar_internal_metadata" WHERE "ar_internal_metadata"."key" = $1 LIMIT $2[0m  [["key", :environment], ["LIMIT", 1]]
  [1m[35m (0.2ms)[0m  [1m[35mBEGIN[0m
  [1m[35m (0.1ms)[0m  [1m[35mCOMMIT[0m
  [1m[35m (0.2ms)[0m  [1m[34mSELECT pg_advisory_unlock(4742435677382185965)[0m
  [1m[36mActiveRecord::SchemaMigration Load (0.2ms)[0m  [1m[34mSELECT "schema_migrations".* FROM "schema_migrations"[0m
Started GET "/games/11" for ::1 at 2017-04-20 17:17:27 -0700
  [1m[36mActiveRecord::SchemaMigration Load (0.3ms)[0m  [1m[34mSELECT "schema_migrations".* FROM "schema_migrations"[0m
Processing by GamesController#show as HTML
  Parameters: {"id"=>"11"}
  [1m[36mGame Load (0.4ms)[0m  [1m[34mSELECT  "games".* FROM "games" WHERE "games"."id" = $1 LIMIT $2[0m  [["id", 11], ["LIMIT", 1]]
  Rendering games/show.html.haml within layouts/application
  Rendered games/show.html.haml within layouts/application (3.0ms)
Completed 500 Internal Server Error in 40ms (ActiveRecord: 0.4ms)


  
ActionView::Template::Error (Illegal nesting: nesting within plain text is illegal.):
    21: .reviews-container
    22:   - if @reviews
    23:     @reviews.each do |review|
    24:       %h3= review.title
    25:       %p= review.text
    26:   = form_for
  
app/views/games/show.html.haml:24
  Rendering /Users/Daniel/.rbenv/versions/2.3.1/lib/ruby/gems/2.3.0/gems/actionpack-5.0.2/lib/action_dispatch/middleware/templates/rescues/template_error.html.erb within rescues/layout
  Rendering /Users/Daniel/.rbenv/versions/2.3.1/lib/ruby/gems/2.3.0/gems/actionpack-5.0.2/lib/action_dispatch/middleware/templates/rescues/_source.html.erb
  Rendered /Users/Daniel/.rbenv/versions/2.3.1/lib/ruby/gems/2.3.0/gems/actionpack-5.0.2/lib/action_dispatch/middleware/templates/rescues/_source.html.erb (6.5ms)
  Rendering /Users/Daniel/.rbenv/versions/2.3.1/lib/ruby/gems/2.3.0/gems/actionpack-5.0.2/lib/action_dispatch/middleware/templates/rescues/_trace.html.erb
  Rendered /Users/Daniel/.rbenv/versions/2.3.1/lib/ruby/gems/2.3.0/gems/actionpack-5.0.2/lib/action_dispatch/middleware/templates/rescues/_trace.html.erb (2.7ms)
  Rendering /Users/Daniel/.rbenv/versions/2.3.1/lib/ruby/gems/2.3.0/gems/actionpack-5.0.2/lib/action_dispatch/middleware/templates/rescues/_request_and_response.html.erb
  Rendered /Users/Daniel/.rbenv/versions/2.3.1/lib/ruby/gems/2.3.0/gems/actionpack-5.0.2/lib/action_dispatch/middleware/templates/rescues/_request_and_response.html.erb (1.7ms)
  Rendered /Users/Daniel/.rbenv/versions/2.3.1/lib/ruby/gems/2.3.0/gems/actionpack-5.0.2/lib/action_dispatch/middleware/templates/rescues/template_error.html.erb within rescues/layout (101.9ms)
Started GET "/games/11" for ::1 at 2017-04-20 17:22:01 -0700
Processing by GamesController#show as HTML
  Parameters: {"id"=>"11"}
  [1m[36mGame Load (0.6ms)[0m  [1m[34mSELECT  "games".* FROM "games" WHERE "games"."id" = $1 LIMIT $2[0m  [["id", 11], ["LIMIT", 1]]
  Rendering games/show.html.haml within layouts/application
  Rendered games/show.html.haml within layouts/application (1.8ms)
Completed 500 Internal Server Error in 13ms (ActiveRecord: 0.6ms)


  
ActionView::Template::Error (Illegal nesting: nesting within plain text is illegal.):
    21: .reviews-container
    22:   - if @reviews
    23:     @reviews.each do |review|
    24:       %h3= review.title
    25:       %p= review.text
    26:   = form_for
  
app/views/games/show.html.haml:24
  Rendering /Users/Daniel/.rbenv/versions/2.3.1/lib/ruby/gems/2.3.0/gems/actionpack-5.0.2/lib/action_dispatch/middleware/templates/rescues/template_error.html.erb within rescues/layout
  Rendering /Users/Daniel/.rbenv/versions/2.3.1/lib/ruby/gems/2.3.0/gems/actionpack-5.0.2/lib/action_dispatch/middleware/templates/rescues/_source.html.erb
  Rendered /Users/Daniel/.rbenv/versions/2.3.1/lib/ruby/gems/2.3.0/gems/actionpack-5.0.2/lib/action_dispatch/middleware/templates/rescues/_source.html.erb (5.2ms)
  Rendering /Users/Daniel/.rbenv/versions/2.3.1/lib/ruby/gems/2.3.0/gems/actionpack-5.0.2/lib/action_dispatch/middleware/templates/rescues/_trace.html.erb
  Rendered /Users/Daniel/.rbenv/versions/2.3.1/lib/ruby/gems/2.3.0/gems/actionpack-5.0.2/lib/action_dispatch/middleware/templates/rescues/_trace.html.erb (2.2ms)
  Rendering /Users/Daniel/.rbenv/versions/2.3.1/lib/ruby/gems/2.3.0/gems/actionpack-5.0.2/lib/action_dispatch/middleware/templates/rescues/_request_and_response.html.erb
  Rendered /Users/Daniel/.rbenv/versions/2.3.1/lib/ruby/gems/2.3.0/gems/actionpack-5.0.2/lib/action_dispatch/middleware/templates/rescues/_request_and_response.html.erb (1.5ms)
  Rendered /Users/Daniel/.rbenv/versions/2.3.1/lib/ruby/gems/2.3.0/gems/actionpack-5.0.2/lib/action_dispatch/middleware/templates/rescues/template_error.html.erb within rescues/layout (92.4ms)
Started GET "/games/11" for ::1 at 2017-04-20 17:29:23 -0700
Processing by GamesController#show as HTML
  Parameters: {"id"=>"11"}
  [1m[36mGame Load (0.3ms)[0m  [1m[34mSELECT  "games".* FROM "games" WHERE "games"."id" = $1 LIMIT $2[0m  [["id", 11], ["LIMIT", 1]]
  Rendering games/show.html.haml within layouts/application
  [1m[36mGameTag Load (0.4ms)[0m  [1m[34mSELECT "game_tags".* FROM "game_tags" WHERE "game_tags"."game_id" = 11[0m
  [1m[36mTag Load (0.2ms)[0m  [1m[34mSELECT  "tags".* FROM "tags" WHERE "tags"."id" = $1 LIMIT $2[0m  [["id", 1], ["LIMIT", 1]]
  [1m[36mTag Load (0.3ms)[0m  [1m[34mSELECT  "tags".* FROM "tags" WHERE "tags"."id" = $1 LIMIT $2[0m  [["id", 4], ["LIMIT", 1]]
  [1m[36mTag Load (0.2ms)[0m  [1m[34mSELECT  "tags".* FROM "tags" WHERE "tags"."id" = $1 LIMIT $2[0m  [["id", 5], ["LIMIT", 1]]
  [1m[36mTag Load (0.2ms)[0m  [1m[34mSELECT  "tags".* FROM "tags" WHERE "tags"."id" = $1 LIMIT $2[0m  [["id", 6], ["LIMIT", 1]]
  [1m[36mTag Load (0.1ms)[0m  [1m[34mSELECT  "tags".* FROM "tags" WHERE "tags"."id" = $1 LIMIT $2[0m  [["id", 7], ["LIMIT", 1]]
  [1m[36mReview Load (12.1ms)[0m  [1m[34mSELECT "reviews".* FROM "reviews" WHERE "reviews"."game_id" = 11[0m
  Rendered games/show.html.haml within layouts/application (168.3ms)
Completed 500 Internal Server Error in 216ms (ActiveRecord: 17.9ms)


  
ActionView::Template::Error (undefined method `reviews_path' for #<#<Class:0x007ff6a2a3c910>:0x007ff6a2bceb20>):
    23:     - @reviews.each do |review|
    24:       %h3= review.title
    25:       %p= review.text
    26:   = form_for @new_review do |f|
    27:     = f.label 'Title'
    28:     = f.text_field :title
    29:     = f.label 'Body'
  
app/views/games/show.html.haml:26:in `_app_views_games_show_html_haml__3226590342566478206_70348633663880'
  Rendering /Users/Daniel/.rbenv/versions/2.3.1/lib/ruby/gems/2.3.0/gems/actionpack-5.0.2/lib/action_dispatch/middleware/templates/rescues/template_error.html.erb within rescues/layout
  Rendering /Users/Daniel/.rbenv/versions/2.3.1/lib/ruby/gems/2.3.0/gems/actionpack-5.0.2/lib/action_dispatch/middleware/templates/rescues/_source.html.erb
  Rendered /Users/Daniel/.rbenv/versions/2.3.1/lib/ruby/gems/2.3.0/gems/actionpack-5.0.2/lib/action_dispatch/middleware/templates/rescues/_source.html.erb (6.8ms)
  Rendering /Users/Daniel/.rbenv/versions/2.3.1/lib/ruby/gems/2.3.0/gems/actionpack-5.0.2/lib/action_dispatch/middleware/templates/rescues/_trace.html.erb
  Rendered /Users/Daniel/.rbenv/versions/2.3.1/lib/ruby/gems/2.3.0/gems/actionpack-5.0.2/lib/action_dispatch/middleware/templates/rescues/_trace.html.erb (2.0ms)
  Rendering /Users/Daniel/.rbenv/versions/2.3.1/lib/ruby/gems/2.3.0/gems/actionpack-5.0.2/lib/action_dispatch/middleware/templates/rescues/_request_and_response.html.erb
  Rendered /Users/Daniel/.rbenv/versions/2.3.1/lib/ruby/gems/2.3.0/gems/actionpack-5.0.2/lib/action_dispatch/middleware/templates/rescues/_request_and_response.html.erb (1.0ms)
  Rendered /Users/Daniel/.rbenv/versions/2.3.1/lib/ruby/gems/2.3.0/gems/actionpack-5.0.2/lib/action_dispatch/middleware/templates/rescues/template_error.html.erb within rescues/layout (94.0ms)
Started GET "/games/11" for ::1 at 2017-04-20 17:33:20 -0700
Processing by GamesController#show as HTML
  Parameters: {"id"=>"11"}
  [1m[36mGame Load (0.3ms)[0m  [1m[34mSELECT  "games".* FROM "games" WHERE "games"."id" = $1 LIMIT $2[0m  [["id", 11], ["LIMIT", 1]]
  Rendering games/show.html.haml within layouts/application
  [1m[36mGameTag Load (0.6ms)[0m  [1m[34mSELECT "game_tags".* FROM "game_tags" WHERE "game_tags"."game_id" = 11[0m
  [1m[36mTag Load (0.3ms)[0m  [1m[34mSELECT  "tags".* FROM "tags" WHERE "tags"."id" = $1 LIMIT $2[0m  [["id", 1], ["LIMIT", 1]]
  [1m[36mTag Load (0.2ms)[0m  [1m[34mSELECT  "tags".* FROM "tags" WHERE "tags"."id" = $1 LIMIT $2[0m  [["id", 4], ["LIMIT", 1]]
  [1m[36mTag Load (0.2ms)[0m  [1m[34mSELECT  "tags".* FROM "tags" WHERE "tags"."id" = $1 LIMIT $2[0m  [["id", 5], ["LIMIT", 1]]
  [1m[36mTag Load (0.2ms)[0m  [1m[34mSELECT  "tags".* FROM "tags" WHERE "tags"."id" = $1 LIMIT $2[0m  [["id", 6], ["LIMIT", 1]]
  [1m[36mTag Load (0.2ms)[0m  [1m[34mSELECT  "tags".* FROM "tags" WHERE "tags"."id" = $1 LIMIT $2[0m  [["id", 7], ["LIMIT", 1]]
  [1m[36mReview Load (1.0ms)[0m  [1m[34mSELECT "reviews".* FROM "reviews" WHERE "reviews"."game_id" = 11[0m
  Rendered games/show.html.haml within layouts/application (36.7ms)
Completed 200 OK in 73ms (Views: 66.2ms | ActiveRecord: 2.9ms)


Started GET "/games/11" for ::1 at 2017-04-20 17:33:34 -0700
Processing by GamesController#show as HTML
  Parameters: {"id"=>"11"}
  [1m[36mGame Load (0.4ms)[0m  [1m[34mSELECT  "games".* FROM "games" WHERE "games"."id" = $1 LIMIT $2[0m  [["id", 11], ["LIMIT", 1]]
  Rendering games/show.html.haml within layouts/application
  [1m[36mGameTag Load (0.9ms)[0m  [1m[34mSELECT "game_tags".* FROM "game_tags" WHERE "game_tags"."game_id" = 11[0m
  [1m[36mTag Load (0.4ms)[0m  [1m[34mSELECT  "tags".* FROM "tags" WHERE "tags"."id" = $1 LIMIT $2[0m  [["id", 1], ["LIMIT", 1]]
  [1m[36mTag Load (0.3ms)[0m  [1m[34mSELECT  "tags".* FROM "tags" WHERE "tags"."id" = $1 LIMIT $2[0m  [["id", 4], ["LIMIT", 1]]
  [1m[36mTag Load (0.2ms)[0m  [1m[34mSELECT  "tags".* FROM "tags" WHERE "tags"."id" = $1 LIMIT $2[0m  [["id", 5], ["LIMIT", 1]]
  [1m[36mTag Load (0.2ms)[0m  [1m[34mSELECT  "tags".* FROM "tags" WHERE "tags"."id" = $1 LIMIT $2[0m  [["id", 6], ["LIMIT", 1]]
  [1m[36mTag Load (0.2ms)[0m  [1m[34mSELECT  "tags".* FROM "tags" WHERE "tags"."id" = $1 LIMIT $2[0m  [["id", 7], ["LIMIT", 1]]
  [1m[36mReview Load (0.6ms)[0m  [1m[34mSELECT "reviews".* FROM "reviews" WHERE "reviews"."game_id" = 11[0m
  Rendered games/show.html.haml within layouts/application (17.1ms)
Completed 200 OK in 46ms (Views: 38.0ms | ActiveRecord: 3.4ms)


Started GET "/games/11" for ::1 at 2017-04-20 17:33:55 -0700
Processing by GamesController#show as HTML
  Parameters: {"id"=>"11"}
  [1m[36mGame Load (0.4ms)[0m  [1m[34mSELECT  "games".* FROM "games" WHERE "games"."id" = $1 LIMIT $2[0m  [["id", 11], ["LIMIT", 1]]
  Rendering games/show.html.haml within layouts/application
  [1m[36mGameTag Load (0.5ms)[0m  [1m[34mSELECT "game_tags".* FROM "game_tags" WHERE "game_tags"."game_id" = 11[0m
  [1m[36mTag Load (0.3ms)[0m  [1m[34mSELECT  "tags".* FROM "tags" WHERE "tags"."id" = $1 LIMIT $2[0m  [["id", 1], ["LIMIT", 1]]
  [1m[36mTag Load (0.2ms)[0m  [1m[34mSELECT  "tags".* FROM "tags" WHERE "tags"."id" = $1 LIMIT $2[0m  [["id", 4], ["LIMIT", 1]]
  [1m[36mTag Load (0.1ms)[0m  [1m[34mSELECT  "tags".* FROM "tags" WHERE "tags"."id" = $1 LIMIT $2[0m  [["id", 5], ["LIMIT", 1]]
  [1m[36mTag Load (0.1ms)[0m  [1m[34mSELECT  "tags".* FROM "tags" WHERE "tags"."id" = $1 LIMIT $2[0m  [["id", 6], ["LIMIT", 1]]
  [1m[36mTag Load (0.2ms)[0m  [1m[34mSELECT  "tags".* FROM "tags" WHERE "tags"."id" = $1 LIMIT $2[0m  [["id", 7], ["LIMIT", 1]]
  [1m[36mReview Load (0.6ms)[0m  [1m[34mSELECT "reviews".* FROM "reviews" WHERE "reviews"."game_id" = 11[0m
  Rendered games/show.html.haml within layouts/application (15.8ms)
Completed 200 OK in 43ms (Views: 37.3ms | ActiveRecord: 2.5ms)


Started GET "/games/11" for ::1 at 2017-04-20 17:34:29 -0700
Processing by GamesController#show as HTML
  Parameters: {"id"=>"11"}
  [1m[36mGame Load (0.2ms)[0m  [1m[34mSELECT  "games".* FROM "games" WHERE "games"."id" = $1 LIMIT $2[0m  [["id", 11], ["LIMIT", 1]]
  Rendering games/show.html.haml within layouts/application
  [1m[36mGameTag Load (0.4ms)[0m  [1m[34mSELECT "game_tags".* FROM "game_tags" WHERE "game_tags"."game_id" = 11[0m
  [1m[36mTag Load (0.2ms)[0m  [1m[34mSELECT  "tags".* FROM "tags" WHERE "tags"."id" = $1 LIMIT $2[0m  [["id", 1], ["LIMIT", 1]]
  [1m[36mTag Load (0.1ms)[0m  [1m[34mSELECT  "tags".* FROM "tags" WHERE "tags"."id" = $1 LIMIT $2[0m  [["id", 4], ["LIMIT", 1]]
  [1m[36mTag Load (0.1ms)[0m  [1m[34mSELECT  "tags".* FROM "tags" WHERE "tags"."id" = $1 LIMIT $2[0m  [["id", 5], ["LIMIT", 1]]
  [1m[36mTag Load (0.1ms)[0m  [1m[34mSELECT  "tags".* FROM "tags" WHERE "tags"."id" = $1 LIMIT $2[0m  [["id", 6], ["LIMIT", 1]]
  [1m[36mTag Load (0.1ms)[0m  [1m[34mSELECT  "tags".* FROM "tags" WHERE "tags"."id" = $1 LIMIT $2[0m  [["id", 7], ["LIMIT", 1]]
  [1m[36mReview Load (0.2ms)[0m  [1m[34mSELECT "reviews".* FROM "reviews" WHERE "reviews"."game_id" = 11[0m
  Rendered games/show.html.haml within layouts/application (13.7ms)
Completed 200 OK in 49ms (Views: 44.4ms | ActiveRecord: 1.5ms)


Started GET "/games/11" for ::1 at 2017-04-20 17:41:44 -0700
Processing by GamesController#show as HTML
  Parameters: {"id"=>"11"}
  [1m[36mGame Load (0.2ms)[0m  [1m[34mSELECT  "games".* FROM "games" WHERE "games"."id" = $1 LIMIT $2[0m  [["id", 11], ["LIMIT", 1]]
Completed 500 Internal Server Error in 37ms (ActiveRecord: 0.2ms)


  
NameError (uninitialized constant GamesController::Vote):
  
app/controllers/games_controller.rb:17:in `show'
  Rendering /Users/Daniel/.rbenv/versions/2.3.1/lib/ruby/gems/2.3.0/gems/actionpack-5.0.2/lib/action_dispatch/middleware/templates/rescues/diagnostics.html.erb within rescues/layout
  Rendering /Users/Daniel/.rbenv/versions/2.3.1/lib/ruby/gems/2.3.0/gems/actionpack-5.0.2/lib/action_dispatch/middleware/templates/rescues/_source.html.erb
  Rendered /Users/Daniel/.rbenv/versions/2.3.1/lib/ruby/gems/2.3.0/gems/actionpack-5.0.2/lib/action_dispatch/middleware/templates/rescues/_source.html.erb (4.2ms)
  Rendering /Users/Daniel/.rbenv/versions/2.3.1/lib/ruby/gems/2.3.0/gems/actionpack-5.0.2/lib/action_dispatch/middleware/templates/rescues/_trace.html.erb
  Rendered /Users/Daniel/.rbenv/versions/2.3.1/lib/ruby/gems/2.3.0/gems/actionpack-5.0.2/lib/action_dispatch/middleware/templates/rescues/_trace.html.erb (2.0ms)
  Rendering /Users/Daniel/.rbenv/versions/2.3.1/lib/ruby/gems/2.3.0/gems/actionpack-5.0.2/lib/action_dispatch/middleware/templates/rescues/_request_and_response.html.erb
  Rendered /Users/Daniel/.rbenv/versions/2.3.1/lib/ruby/gems/2.3.0/gems/actionpack-5.0.2/lib/action_dispatch/middleware/templates/rescues/_request_and_response.html.erb (1.6ms)
  Rendered /Users/Daniel/.rbenv/versions/2.3.1/lib/ruby/gems/2.3.0/gems/actionpack-5.0.2/lib/action_dispatch/middleware/templates/rescues/diagnostics.html.erb within rescues/layout (94.0ms)
